<?xml version="1.0" encoding="UTF-8"?>
<testsuite xmlns:xsi="http://www.w3.org/2001/XMLSchema-instance" xsi:noNamespaceSchemaLocation="https://maven.apache.org/surefire/maven-surefire-plugin/xsd/surefire-test-report.xsd" version="3.0.2" name="com.salespointfx.www.SalespointFxNetbeans1ApplicationTests" time="10.818" tests="1" errors="0" skipped="0" failures="0">
  <properties>
[...]
</properties>
  <testcase name="contextLoads" classname="com.salespointfx.www.SalespointFxNetbeans1ApplicationTests" time="0.735">
    <system-out><![CDATA[11:27:49.715 [main] INFO org.springframework.test.context.support.AnnotationConfigContextLoaderUtils -- Could not detect default configuration classes for test class [com.salespointfx.www.SalespointFxNetbeans1ApplicationTests]: SalespointFxNetbeans1ApplicationTests does not declare any static, non-private, non-final, nested classes annotated with @Configuration.
11:27:49.979 [main] INFO org.springframework.boot.test.context.SpringBootTestContextBootstrapper -- Found @SpringBootConfiguration com.salespointfx.www.SalespointFxNetbeans1Application for test class com.salespointfx.www.SalespointFxNetbeans1ApplicationTests

  .   ____          _            __ _ _
 /\\ / ___'_ __ _ _(_)_ __  __ _ \ \ \ \
( ( )\___ | '_ | '_| | '_ \/ _` | \ \ \ \
 \\/  ___)| |_)| | | | | || (_| |  ) ) ) )
  '  |____| .__|_| |_|_| |_\__, | / / / /
 =========|_|==============|___/=/_/_/_/

 :: Spring Boot ::                (v3.4.2)

2025-02-08T11:27:51.064-06:00  INFO 6428 --- [SalespointFxNetbeans1] [           main] .w.SalespointFxNetbeans1ApplicationTests : Starting SalespointFxNetbeans1ApplicationTests using Java 22.0.2 with PID 6428 (started by Sistemas in C:\Users\Sistemas\Documents\NetbeansProjects\www)
2025-02-08T11:27:51.066-06:00  INFO 6428 --- [SalespointFxNetbeans1] [           main] .w.SalespointFxNetbeans1ApplicationTests : No active profile set, falling back to 1 default profile: "default"
2025-02-08T11:27:52.478-06:00  INFO 6428 --- [SalespointFxNetbeans1] [           main] .s.d.r.c.RepositoryConfigurationDelegate : Bootstrapping Spring Data JPA repositories in DEFAULT mode.
2025-02-08T11:27:52.623-06:00  INFO 6428 --- [SalespointFxNetbeans1] [           main] .s.d.r.c.RepositoryConfigurationDelegate : Finished Spring Data repository scanning in 110 ms. Found 1 JPA repository interface.
2025-02-08T11:27:53.654-06:00  INFO 6428 --- [SalespointFxNetbeans1] [           main] o.hibernate.jpa.internal.util.LogHelper  : HHH000204: Processing PersistenceUnitInfo [name: default]
2025-02-08T11:27:53.783-06:00  INFO 6428 --- [SalespointFxNetbeans1] [           main] org.hibernate.Version                    : HHH000412: Hibernate ORM core version 6.6.5.Final
2025-02-08T11:27:53.855-06:00  INFO 6428 --- [SalespointFxNetbeans1] [           main] o.h.c.internal.RegionFactoryInitiator    : HHH000026: Second-level cache disabled
2025-02-08T11:27:54.514-06:00  INFO 6428 --- [SalespointFxNetbeans1] [           main] o.s.o.j.p.SpringPersistenceUnitInfo      : No LoadTimeWeaver setup: ignoring JPA class transformer
2025-02-08T11:27:54.567-06:00  INFO 6428 --- [SalespointFxNetbeans1] [           main] com.zaxxer.hikari.HikariDataSource       : HikariPool-1 - Starting...
2025-02-08T11:27:55.219-06:00  INFO 6428 --- [SalespointFxNetbeans1] [           main] com.zaxxer.hikari.pool.HikariPool        : HikariPool-1 - Added connection com.mysql.cj.jdbc.ConnectionImpl@322b09da
2025-02-08T11:27:55.222-06:00  INFO 6428 --- [SalespointFxNetbeans1] [           main] com.zaxxer.hikari.HikariDataSource       : HikariPool-1 - Start completed.
2025-02-08T11:27:55.389-06:00  WARN 6428 --- [SalespointFxNetbeans1] [           main] org.hibernate.orm.deprecation            : HHH90000025: MySQL8Dialect does not need to be specified explicitly using 'hibernate.dialect' (remove the property setting and it will be selected by default)
2025-02-08T11:27:55.391-06:00  WARN 6428 --- [SalespointFxNetbeans1] [           main] org.hibernate.orm.deprecation            : HHH90000026: MySQL8Dialect has been deprecated; use org.hibernate.dialect.MySQLDialect instead
2025-02-08T11:27:55.449-06:00  INFO 6428 --- [SalespointFxNetbeans1] [           main] org.hibernate.orm.connections.pooling    : HHH10001005: Database info:
	Database JDBC URL [Connecting through datasource 'HikariDataSource (HikariPool-1)']
	Database driver: undefined/unknown
	Database version: 8.0
	Autocommit mode: undefined/unknown
	Isolation level: undefined/unknown
	Minimum pool size: undefined/unknown
	Maximum pool size: undefined/unknown
2025-02-08T11:27:58.058-06:00  INFO 6428 --- [SalespointFxNetbeans1] [           main] o.h.e.t.j.p.i.JtaPlatformInitiator       : HHH000489: No JTA platform available (set 'hibernate.transaction.jta.platform' to enable JTA platform integration)
2025-02-08T11:27:58.063-06:00  INFO 6428 --- [SalespointFxNetbeans1] [           main] j.LocalContainerEntityManagerFactoryBean : Initialized JPA EntityManagerFactory for persistence unit 'default'
2025-02-08T11:27:59.092-06:00  INFO 6428 --- [SalespointFxNetbeans1] [           main] .w.SalespointFxNetbeans1ApplicationTests : Started SalespointFxNetbeans1ApplicationTests in 8.783 seconds (process running for 12.584)
]]></system-out>
    <system-err><![CDATA[Mockito is currently self-attaching to enable the inline-mock-maker. This will no longer work in future releases of the JDK. Please add Mockito as an agent to your build what is described in Mockito's documentation: https://javadoc.io/doc/org.mockito/mockito-core/latest/org/mockito/Mockito.html#0.3
WARNING: A Java agent has been loaded dynamically (C:\Users\Sistemas\.m2\repository\net\bytebuddy\byte-buddy-agent\1.15.11\byte-buddy-agent-1.15.11.jar)
WARNING: If a serviceability tool is in use, please run with -XX:+EnableDynamicAgentLoading to hide this warning
WARNING: If a serviceability tool is not in use, please run with -Djdk.instrument.traceUsage for more information
WARNING: Dynamic loading of agents will be disallowed by default in a future release
]]></system-err>
  </testcase>
</testsuite>